<?xml version="1.0" encoding="UTF-8"?>
<!-- Generated by org.testng.reporters.JUnitXMLReporter -->
<testsuite ignored="0" hostname="MahnoorNazeer" failures="1" tests="2" name="Error Validations" time="27.398" errors="0" timestamp="2025-01-17T12:09:52 PKT">
  <testcase classname="FrameworkPractice.SeleniumFrameworkDesign.Tests.ErrorValidations" name="IncorrectCredentials" time="6.289">
    <skipped/>
  </testcase> <!-- IncorrectCredentials -->
  <testcase classname="FrameworkPractice.SeleniumFrameworkDesign.Tests.ErrorValidations" name="IncorrectCredentials" time="15.399">
    <failure type="java.lang.AssertionError" message="expected [Incorrect email or password.] but found [Incorrect email password.]">
      <![CDATA[java.lang.AssertionError: expected [Incorrect email or password.] but found [Incorrect email password.]
at FrameworkPractice.SeleniumFrameworkDesign.Tests.ErrorValidations.IncorrectCredentials(ErrorValidations.java:21)
at java.base/java.util.ArrayList.forEach(ArrayList.java:1596)
at java.base/java.util.concurrent.FutureTask.run(FutureTask.java:317)
at java.base/java.util.concurrent.ThreadPoolExecutor.runWorker(ThreadPoolExecutor.java:1144)
at java.base/java.util.concurrent.ThreadPoolExecutor$Worker.run(ThreadPoolExecutor.java:642)
at java.base/java.lang.Thread.run(Thread.java:1583)
... Removed 22 stack frames]]>
    </failure>
  </testcase> <!-- IncorrectCredentials -->
</testsuite> <!-- Error Validations -->
