<?xml version="1.0" encoding="UTF-8"?>
<testng-results retried="1" ignored="0" total="6" passed="4" failed="1" skipped="0">
  <reporter-output>
  </reporter-output>
  <suite started-at="2025-01-17T12:09:24 PKT" name="Suite" finished-at="2025-01-17T12:10:25 PKT" duration-ms="61023">
    <groups>
      <group name="ErrorHandling">
        <method signature="ErrorValidations.IncorrectCredentials()[pri:0, instance:FrameworkPractice.SeleniumFrameworkDesign.Tests.ErrorValidations@676cf48]" name="IncorrectCredentials" class="FrameworkPractice.SeleniumFrameworkDesign.Tests.ErrorValidations"/>
      </group> <!-- ErrorHandling -->
    </groups>
    <test started-at="2025-01-17T12:09:24 PKT" name="Error Validations" finished-at="2025-01-17T12:09:52 PKT" duration-ms="27398">
      <class name="FrameworkPractice.SeleniumFrameworkDesign.Tests.ErrorValidations">
        <test-method is-config="true" signature="initializeDriver()[pri:0, instance:FrameworkPractice.SeleniumFrameworkDesign.Tests.ErrorValidations@676cf48]" started-at="2025-01-17T12:09:24 PKT" name="initializeDriver" finished-at="2025-01-17T12:09:27 PKT" duration-ms="2731" status="PASS">
          <reporter-output>
          </reporter-output>
        </test-method> <!-- initializeDriver -->
        <test-method retried="true" signature="IncorrectCredentials()[pri:0, instance:FrameworkPractice.SeleniumFrameworkDesign.Tests.ErrorValidations@676cf48]" started-at="2025-01-17T12:09:27 PKT" name="IncorrectCredentials" finished-at="2025-01-17T12:09:33 PKT" duration-ms="6289" status="SKIP">
          <exception class="java.lang.AssertionError">
            <message>
              <![CDATA[expected [Incorrect email or password.] but found [Incorrect email password.]]]>
            </message>
            <full-stacktrace>
              <![CDATA[java.lang.AssertionError: expected [Incorrect email or password.] but found [Incorrect email password.]
at org.testng.Assert.fail(Assert.java:99)
at org.testng.Assert.failNotEquals(Assert.java:1037)
at org.testng.Assert.assertEqualsImpl(Assert.java:140)
at org.testng.Assert.assertEquals(Assert.java:122)
at org.testng.Assert.assertEquals(Assert.java:629)
at org.testng.Assert.assertEquals(Assert.java:639)
at FrameworkPractice.SeleniumFrameworkDesign.Tests.ErrorValidations.IncorrectCredentials(ErrorValidations.java:21)
at java.base/jdk.internal.reflect.DirectMethodHandleAccessor.invoke(DirectMethodHandleAccessor.java:103)
at java.base/java.lang.reflect.Method.invoke(Method.java:580)
at org.testng.internal.MethodInvocationHelper.invokeMethod(MethodInvocationHelper.java:133)
at org.testng.internal.TestInvoker.invokeMethod(TestInvoker.java:598)
at org.testng.internal.TestInvoker.invokeTestMethod(TestInvoker.java:173)
at org.testng.internal.MethodRunner.runInSequence(MethodRunner.java:46)
at org.testng.internal.TestInvoker$MethodInvocationAgent.invoke(TestInvoker.java:824)
at org.testng.internal.TestInvoker.invokeTestMethods(TestInvoker.java:146)
at org.testng.internal.TestMethodWorker.invokeTestMethods(TestMethodWorker.java:146)
at org.testng.internal.TestMethodWorker.run(TestMethodWorker.java:128)
at java.base/java.util.ArrayList.forEach(ArrayList.java:1596)
at org.testng.TestRunner.privateRun(TestRunner.java:794)
at org.testng.TestRunner.run(TestRunner.java:596)
at org.testng.SuiteRunner.runTest(SuiteRunner.java:377)
at org.testng.SuiteRunner.access$000(SuiteRunner.java:28)
at org.testng.SuiteRunner$SuiteWorker.run(SuiteRunner.java:418)
at org.testng.internal.thread.ThreadUtil.lambda$execute$0(ThreadUtil.java:64)
at java.base/java.util.concurrent.FutureTask.run(FutureTask.java:317)
at java.base/java.util.concurrent.ThreadPoolExecutor.runWorker(ThreadPoolExecutor.java:1144)
at java.base/java.util.concurrent.ThreadPoolExecutor$Worker.run(ThreadPoolExecutor.java:642)
at java.base/java.lang.Thread.run(Thread.java:1583)
]]>
            </full-stacktrace>
          </exception> <!-- java.lang.AssertionError -->
          <reporter-output>
          </reporter-output>
        </test-method> <!-- IncorrectCredentials -->
        <test-method is-config="true" signature="TearDown()[pri:0, instance:FrameworkPractice.SeleniumFrameworkDesign.Tests.ErrorValidations@676cf48]" started-at="2025-01-17T12:09:33 PKT" name="TearDown" finished-at="2025-01-17T12:09:33 PKT" duration-ms="240" status="PASS">
          <reporter-output>
          </reporter-output>
        </test-method> <!-- TearDown -->
        <test-method is-config="true" signature="initializeDriver()[pri:0, instance:FrameworkPractice.SeleniumFrameworkDesign.Tests.ErrorValidations@676cf48]" started-at="2025-01-17T12:09:33 PKT" name="initializeDriver" finished-at="2025-01-17T12:09:35 PKT" duration-ms="1657" status="PASS">
          <reporter-output>
          </reporter-output>
        </test-method> <!-- initializeDriver -->
        <test-method signature="IncorrectCredentials()[pri:0, instance:FrameworkPractice.SeleniumFrameworkDesign.Tests.ErrorValidations@676cf48]" started-at="2025-01-17T12:09:35 PKT" name="IncorrectCredentials" finished-at="2025-01-17T12:09:51 PKT" duration-ms="15399" status="FAIL">
          <exception class="java.lang.AssertionError">
            <message>
              <![CDATA[expected [Incorrect email or password.] but found [Incorrect email password.]]]>
            </message>
            <full-stacktrace>
              <![CDATA[java.lang.AssertionError: expected [Incorrect email or password.] but found [Incorrect email password.]
at org.testng.Assert.fail(Assert.java:99)
at org.testng.Assert.failNotEquals(Assert.java:1037)
at org.testng.Assert.assertEqualsImpl(Assert.java:140)
at org.testng.Assert.assertEquals(Assert.java:122)
at org.testng.Assert.assertEquals(Assert.java:629)
at org.testng.Assert.assertEquals(Assert.java:639)
at FrameworkPractice.SeleniumFrameworkDesign.Tests.ErrorValidations.IncorrectCredentials(ErrorValidations.java:21)
at java.base/jdk.internal.reflect.DirectMethodHandleAccessor.invoke(DirectMethodHandleAccessor.java:103)
at java.base/java.lang.reflect.Method.invoke(Method.java:580)
at org.testng.internal.MethodInvocationHelper.invokeMethod(MethodInvocationHelper.java:133)
at org.testng.internal.TestInvoker.invokeMethod(TestInvoker.java:598)
at org.testng.internal.TestInvoker.retryFailed(TestInvoker.java:213)
at org.testng.internal.MethodRunner.runInSequence(MethodRunner.java:58)
at org.testng.internal.TestInvoker$MethodInvocationAgent.invoke(TestInvoker.java:824)
at org.testng.internal.TestInvoker.invokeTestMethods(TestInvoker.java:146)
at org.testng.internal.TestMethodWorker.invokeTestMethods(TestMethodWorker.java:146)
at org.testng.internal.TestMethodWorker.run(TestMethodWorker.java:128)
at java.base/java.util.ArrayList.forEach(ArrayList.java:1596)
at org.testng.TestRunner.privateRun(TestRunner.java:794)
at org.testng.TestRunner.run(TestRunner.java:596)
at org.testng.SuiteRunner.runTest(SuiteRunner.java:377)
at org.testng.SuiteRunner.access$000(SuiteRunner.java:28)
at org.testng.SuiteRunner$SuiteWorker.run(SuiteRunner.java:418)
at org.testng.internal.thread.ThreadUtil.lambda$execute$0(ThreadUtil.java:64)
at java.base/java.util.concurrent.FutureTask.run(FutureTask.java:317)
at java.base/java.util.concurrent.ThreadPoolExecutor.runWorker(ThreadPoolExecutor.java:1144)
at java.base/java.util.concurrent.ThreadPoolExecutor$Worker.run(ThreadPoolExecutor.java:642)
at java.base/java.lang.Thread.run(Thread.java:1583)
]]>
            </full-stacktrace>
          </exception> <!-- java.lang.AssertionError -->
          <reporter-output>
          </reporter-output>
        </test-method> <!-- IncorrectCredentials -->
        <test-method is-config="true" signature="TearDown()[pri:0, instance:FrameworkPractice.SeleniumFrameworkDesign.Tests.ErrorValidations@676cf48]" started-at="2025-01-17T12:09:51 PKT" name="TearDown" finished-at="2025-01-17T12:09:52 PKT" duration-ms="461" status="PASS">
          <reporter-output>
          </reporter-output>
        </test-method> <!-- TearDown -->
      </class> <!-- FrameworkPractice.SeleniumFrameworkDesign.Tests.ErrorValidations -->
    </test> <!-- Error Validations -->
    <test started-at="2025-01-17T12:09:24 PKT" name="Submit Order" finished-at="2025-01-17T12:10:25 PKT" duration-ms="61023">
      <class name="FrameworkPractice.SeleniumFrameworkDesign.Tests.SubmitOrderr">
        <test-method is-config="true" signature="initializeDriver()[pri:0, instance:FrameworkPractice.SeleniumFrameworkDesign.Tests.SubmitOrderr@10a9d961]" started-at="2025-01-17T12:09:25 PKT" name="initializeDriver" finished-at="2025-01-17T12:09:27 PKT" duration-ms="2433" status="PASS">
          <reporter-output>
          </reporter-output>
        </test-method> <!-- initializeDriver -->
        <test-method signature="SubmitOrderTest(java.util.HashMap)[pri:0, instance:FrameworkPractice.SeleniumFrameworkDesign.Tests.SubmitOrderr@10a9d961]" started-at="2025-01-17T12:09:27 PKT" name="SubmitOrderTest" data-provider="getData" finished-at="2025-01-17T12:09:47 PKT" duration-ms="19744" status="PASS">
          <params>
            <param index="0">
              <value>
                <![CDATA[{password=nazMah@123, email=test@mahnoor.com, productName=BANARSI SAREE}]]>
              </value>
            </param>
          </params>
          <reporter-output>
          </reporter-output>
        </test-method> <!-- SubmitOrderTest -->
        <test-method is-config="true" signature="TearDown()[pri:0, instance:FrameworkPractice.SeleniumFrameworkDesign.Tests.SubmitOrderr@10a9d961]" started-at="2025-01-17T12:09:47 PKT" name="TearDown" finished-at="2025-01-17T12:09:49 PKT" duration-ms="1820" status="PASS">
          <reporter-output>
          </reporter-output>
        </test-method> <!-- TearDown -->
        <test-method is-config="true" signature="initializeDriver()[pri:0, instance:FrameworkPractice.SeleniumFrameworkDesign.Tests.SubmitOrderr@10a9d961]" started-at="2025-01-17T12:09:49 PKT" name="initializeDriver" finished-at="2025-01-17T12:09:51 PKT" duration-ms="2188" status="PASS">
          <reporter-output>
          </reporter-output>
        </test-method> <!-- initializeDriver -->
        <test-method signature="SubmitOrderTest(java.util.HashMap)[pri:0, instance:FrameworkPractice.SeleniumFrameworkDesign.Tests.SubmitOrderr@10a9d961]" started-at="2025-01-17T12:09:51 PKT" name="SubmitOrderTest" data-provider="getData" finished-at="2025-01-17T12:10:10 PKT" duration-ms="19501" status="PASS">
          <params>
            <param index="0">
              <value>
                <![CDATA[{password=Iamking@000, email=anshika@gmail.com, productName=IPHONE 13 PRO}]]>
              </value>
            </param>
          </params>
          <reporter-output>
          </reporter-output>
        </test-method> <!-- SubmitOrderTest -->
        <test-method is-config="true" signature="TearDown()[pri:0, instance:FrameworkPractice.SeleniumFrameworkDesign.Tests.SubmitOrderr@10a9d961]" started-at="2025-01-17T12:10:10 PKT" name="TearDown" finished-at="2025-01-17T12:10:11 PKT" duration-ms="329" status="PASS">
          <reporter-output>
          </reporter-output>
        </test-method> <!-- TearDown -->
        <test-method is-config="true" signature="initializeDriver()[pri:0, instance:FrameworkPractice.SeleniumFrameworkDesign.Tests.SubmitOrderr@10a9d961]" started-at="2025-01-17T12:10:11 PKT" name="initializeDriver" finished-at="2025-01-17T12:10:12 PKT" duration-ms="1616" status="PASS">
          <reporter-output>
          </reporter-output>
        </test-method> <!-- initializeDriver -->
        <test-method signature="OrderHistoryTest(java.util.HashMap)[pri:0, instance:FrameworkPractice.SeleniumFrameworkDesign.Tests.SubmitOrderr@10a9d961]" started-at="2025-01-17T12:10:12 PKT" name="OrderHistoryTest" data-provider="getData" finished-at="2025-01-17T12:10:19 PKT" depends-on-methods="FrameworkPractice.SeleniumFrameworkDesign.Tests.SubmitOrderr.SubmitOrderTest" duration-ms="6480" status="PASS">
          <params>
            <param index="0">
              <value>
                <![CDATA[{password=nazMah@123, email=test@mahnoor.com, productName=BANARSI SAREE}]]>
              </value>
            </param>
          </params>
          <reporter-output>
          </reporter-output>
        </test-method> <!-- OrderHistoryTest -->
        <test-method is-config="true" signature="TearDown()[pri:0, instance:FrameworkPractice.SeleniumFrameworkDesign.Tests.SubmitOrderr@10a9d961]" started-at="2025-01-17T12:10:19 PKT" name="TearDown" finished-at="2025-01-17T12:10:19 PKT" duration-ms="458" status="PASS">
          <reporter-output>
          </reporter-output>
        </test-method> <!-- TearDown -->
        <test-method is-config="true" signature="initializeDriver()[pri:0, instance:FrameworkPractice.SeleniumFrameworkDesign.Tests.SubmitOrderr@10a9d961]" started-at="2025-01-17T12:10:19 PKT" name="initializeDriver" finished-at="2025-01-17T12:10:21 PKT" duration-ms="1727" status="PASS">
          <reporter-output>
          </reporter-output>
        </test-method> <!-- initializeDriver -->
        <test-method signature="OrderHistoryTest(java.util.HashMap)[pri:0, instance:FrameworkPractice.SeleniumFrameworkDesign.Tests.SubmitOrderr@10a9d961]" started-at="2025-01-17T12:10:21 PKT" name="OrderHistoryTest" data-provider="getData" finished-at="2025-01-17T12:10:25 PKT" depends-on-methods="FrameworkPractice.SeleniumFrameworkDesign.Tests.SubmitOrderr.SubmitOrderTest" duration-ms="4068" status="PASS">
          <params>
            <param index="0">
              <value>
                <![CDATA[{password=Iamking@000, email=anshika@gmail.com, productName=IPHONE 13 PRO}]]>
              </value>
            </param>
          </params>
          <reporter-output>
          </reporter-output>
        </test-method> <!-- OrderHistoryTest -->
        <test-method is-config="true" signature="TearDown()[pri:0, instance:FrameworkPractice.SeleniumFrameworkDesign.Tests.SubmitOrderr@10a9d961]" started-at="2025-01-17T12:10:25 PKT" name="TearDown" finished-at="2025-01-17T12:10:25 PKT" duration-ms="217" status="PASS">
          <reporter-output>
          </reporter-output>
        </test-method> <!-- TearDown -->
      </class> <!-- FrameworkPractice.SeleniumFrameworkDesign.Tests.SubmitOrderr -->
    </test> <!-- Submit Order -->
  </suite> <!-- Suite -->
</testng-results>
